{"name": "test_guest_cant_see_product_in_basket_opened_from_product_page", "status": "skipped", "statusDetails": {"message": "XFAIL\n\nselenium.common.exceptions.WebDriverException: Message: 'chromedriver' executable needs to be in PATH. Please see https://sites.google.com/a/chromium.org/chromedriver/home", "trace": "E   FileNotFoundError: [WinError 2] Не удается найти указанный файл\n\nDuring handling of the above exception, another exception occurred:\nE   selenium.common.exceptions.WebDriverException: Message: 'chromedriver' executable needs to be in PATH. Please see https://sites.google.com/a/chromium.org/chromedriver/home"}, "start": 1637689304678, "stop": 1637689304678, "uuid": "130419e9-aedf-43b9-a33c-92f421c63e44", "historyId": "bb1b500842a0de7c49716234702d6640", "testCaseId": "433344f5e6016b4d51fb1951ebc6cfbc", "fullName": "test_product_page#test_guest_cant_see_product_in_basket_opened_from_product_page", "labels": [{"name": "tag", "value": "need_review"}, {"name": "tag", "value": "@pytest.mark.xfail"}, {"name": "suite", "value": "test_product_page"}, {"name": "host", "value": "LAPTOP-Q8IQHMO1"}, {"name": "thread", "value": "1944-MainThread"}, {"name": "framework", "value": "pytest"}, {"name": "language", "value": "cpython3"}, {"name": "package", "value": "test_product_page"}]}