{"name": "test_guest_can_add_product_to_basket", "status": "broken", "statusDetails": {"message": "selenium.common.exceptions.WebDriverException: Message: 'chromedriver' executable needs to be in PATH. Please see https://sites.google.com/a/chromium.org/chromedriver/home", "trace": "E   FileNotFoundError: [WinError 2] Не удается найти указанный файл\n\nDuring handling of the above exception, another exception occurred:\nE   selenium.common.exceptions.WebDriverException: Message: 'chromedriver' executable needs to be in PATH. Please see https://sites.google.com/a/chromium.org/chromedriver/home"}, "start": 1637689240713, "stop": 1637689240713, "uuid": "c2e4233c-147b-400a-be14-2cc73e191f30", "historyId": "1bb4b07e7ed3c69a55e00b665028ee3a", "testCaseId": "d1f983c76b7e8a55c7c09e84c59edee2", "fullName": "test_product_page#test_guest_can_add_product_to_basket", "labels": [{"name": "tag", "value": "need_review"}, {"name": "suite", "value": "test_product_page"}, {"name": "host", "value": "LAPTOP-Q8IQHMO1"}, {"name": "thread", "value": "28536-MainThread"}, {"name": "framework", "value": "pytest"}, {"name": "language", "value": "cpython3"}, {"name": "package", "value": "test_product_page"}]}