{"name": "test_guest_can_go_to_login_page_from_product_page", "status": "broken", "statusDetails": {"message": "selenium.common.exceptions.WebDriverException: Message: 'chromedriver' executable needs to be in PATH. Please see https://sites.google.com/a/chromium.org/chromedriver/home", "trace": "E   FileNotFoundError: [WinError 2] Не удается найти указанный файл\n\nDuring handling of the above exception, another exception occurred:\nE   selenium.common.exceptions.WebDriverException: Message: 'chromedriver' executable needs to be in PATH. Please see https://sites.google.com/a/chromium.org/chromedriver/home"}, "start": 1637689278865, "stop": 1637689278865, "uuid": "e858a7dd-76bc-4808-88f1-6de041a12701", "historyId": "5e653e20fe9c29799d1dec592190f2a4", "testCaseId": "21fc7969c14561b391be3c6c49edf0b6", "fullName": "test_product_page#test_guest_can_go_to_login_page_from_product_page", "labels": [{"name": "tag", "value": "need_review"}, {"name": "suite", "value": "test_product_page"}, {"name": "host", "value": "LAPTOP-Q8IQHMO1"}, {"name": "thread", "value": "16684-MainThread"}, {"name": "framework", "value": "pytest"}, {"name": "language", "value": "cpython3"}, {"name": "package", "value": "test_product_page"}]}